2018-10-15 10:11:33,606 - banner - INFO - Loading Banner
2018-10-15 10:11:33,607 - menu - INFO - Loading Menu
2018-10-15 10:12:08,717 - teleport - INFO - Initializing Teleport instance
2018-10-15 10:12:08,723 - teleport - INFO - Loading Teleport.home
2018-10-15 10:12:08,728 - teleport - INFO - Loading Teleport.xcorner
2018-10-15 10:12:08,728 - teleport - INFO - Loading Teleport.ycorner
2018-10-15 10:12:08,729 - teleport - INFO - Loading Teleport.zcorner
2018-10-15 10:12:08,729 - teleport - INFO - Loading Teleport.xycorner
2018-10-15 10:12:08,729 - teleport - INFO - Loading Teleport.xzcorner
2018-10-15 10:12:08,730 - teleport - INFO - Loading Teleport.xyzcorner
2018-10-15 10:12:08,731 - teleport - INFO - Loading Teleport.random
2018-10-15 10:12:08,731 - teleport - INFO - Loading Teleport.home
2018-10-15 10:21:31,631 - banner - INFO - Loading Banner
2018-10-15 10:21:31,632 - menu - INFO - Loading Menu
2018-10-15 10:21:34,664 - teleport - INFO - Initializing Teleport instance
2018-10-15 10:21:34,671 - teleport - INFO - Loading Teleport.home
2018-10-15 10:23:09,181 - banner - INFO - Loading Banner
2018-10-15 10:23:09,182 - menu - INFO - Loading Menu
2018-10-15 10:23:11,000 - teleport - INFO - Initializing Teleport instance
2018-10-15 10:23:11,007 - teleport - INFO - Loading Teleport.home
2018-10-15 10:24:09,753 - banner - INFO - Loading Banner
2018-10-15 10:24:09,754 - menu - INFO - Loading Menu
2018-10-15 10:24:11,400 - teleport - INFO - Initializing Teleport instance
2018-10-15 10:24:11,408 - teleport - INFO - Loading Teleport.home
2018-10-15 10:25:12,610 - banner - INFO - Loading Banner
2018-10-15 10:25:12,611 - menu - INFO - Loading Menu
2018-10-15 10:25:16,044 - teleport - INFO - Initializing Teleport instance
2018-10-15 10:25:16,046 - teleport - INFO - Loading Teleport.home
2018-10-15 10:25:16,050 - teleport - INFO - Loading Teleport.xcorner
2018-10-15 10:25:16,050 - teleport - INFO - Loading Teleport.ycorner
2018-10-15 10:25:16,051 - teleport - INFO - Loading Teleport.zcorner
2018-10-15 10:25:16,051 - teleport - INFO - Loading Teleport.xycorner
2018-10-15 10:25:16,052 - teleport - INFO - Loading Teleport.xzcorner
2018-10-15 10:25:16,052 - teleport - INFO - Loading Teleport.xyzcorner
2018-10-15 10:25:16,053 - teleport - INFO - Loading Teleport.home
2018-10-15 10:26:37,844 - banner - INFO - Loading Banner
2018-10-15 10:26:37,845 - menu - INFO - Loading Menu
2018-10-15 10:26:39,520 - teleport - INFO - Initializing Teleport instance
2018-10-15 10:26:39,526 - teleport - INFO - Loading Teleport.home
2018-10-15 10:26:39,530 - teleport - INFO - Loading Teleport.xcorner
2018-10-15 10:28:02,237 - banner - INFO - Loading Banner
2018-10-15 10:28:02,238 - menu - INFO - Loading Menu
2018-10-15 10:28:04,559 - teleport - INFO - Initializing Teleport instance
2018-10-15 10:28:04,561 - teleport - INFO - Loading Teleport.home
